Der Buildvorgang wurde am 30.01.2010 14:29:09 gestartet.
     1>Projekt "C:\Users\Matthias Schmieder\Development\projects\ThinPlateSpline\ThinPlateSpline\ThinPlateSpline.vcxproj" auf Knoten "1", build Ziel(e).
     1>_PrepareForBuild:
         "Debug\ThinPlateSpline.unsuccessfulbuild" wird erstellt, da "AlwaysCreate" angegeben wurde.
       ClCompile:
         c:\Program Files\Microsoft Visual Studio 10.0\VC\bin\CL.exe /c /I..\..\..\src\OpenCV\src\ml /I..\..\..\src\OpenCV\src\highgui /I..\..\..\src\OpenCV\src\cvaux /I..\..\..\src\OpenCV\src\cxcore /I..\..\..\src\OpenCV\src\cv /I..\..\..\src\OpenCV\include\opencv /ZI /nologo /W3 /WX- /Od /Oy- /D WIN32 /D _DEBUG /D _CONSOLE /D _UNICODE /D UNICODE /Gm /EHsc /RTC1 /MDd /GS /fp:precise /Zc:wchar_t /Zc:forScope /Fo"Debug\\" /Fd"Debug\vc100.pdb" /Gd /TP /analyze- /errorReport:prompt CThinPlateSpline.cpp
         CThinPlateSpline.cpp
       ManifestResourceCompile:
         Alle Ausgaben sind aktuell.
       Link:
         c:\Program Files\Microsoft Visual Studio 10.0\VC\bin\link.exe /ERRORREPORT:PROMPT /OUT:"C:\Users\Matthias Schmieder\Development\projects\ThinPlateSpline\Debug\ThinPlateSpline.exe" /INCREMENTAL /NOLOGO /LIBPATH:..\..\..\src\OpenCV\_make\lib\Release /LIBPATH:..\..\..\src\OpenCV\_make\lib\Debug cv200d.lib cxcore200d.lib highgui200d.lib kernel32.lib user32.lib gdi32.lib winspool.lib comdlg32.lib advapi32.lib shell32.lib ole32.lib oleaut32.lib uuid.lib odbc32.lib odbccp32.lib /MANIFEST /ManifestFile:"Debug\ThinPlateSpline.exe.intermediate.manifest" /MANIFESTUAC:"level='asInvoker' uiAccess='false'" /DEBUG /PDB:"C:\Users\Matthias Schmieder\Development\projects\ThinPlateSpline\Debug\ThinPlateSpline.pdb" /SUBSYSTEM:CONSOLE /TLBID:1 /DYNAMICBASE /NXCOMPAT /IMPLIB:"C:\Users\Matthias Schmieder\Development\projects\ThinPlateSpline\Debug\ThinPlateSpline.lib" /MACHINE:X86 Debug\CThinPlateSpline.obj
         Debug\stdafx.obj
         Debug\ThinPlateSpline.obj
         Debug\ThinPlateSpline.exe.embed.manifest.res
       Manifest:
         c:\Program Files\Microsoft SDKs\Windows\v7.0A\bin\mt.exe /nologo /verbose /out:"Debug\ThinPlateSpline.exe.embed.manifest" /manifest Debug\ThinPlateSpline.exe.intermediate.manifest
         c:\Program Files\Microsoft SDKs\Windows\v7.0A\bin\rc.exe /nologo /fo"Debug\ThinPlateSpline.exe.embed.manifest.res" Debug\ThinPlateSpline_manifest.rc 
       LinkEmbedManifest:
         c:\Program Files\Microsoft Visual Studio 10.0\VC\bin\link.exe /ERRORREPORT:PROMPT /OUT:"C:\Users\Matthias Schmieder\Development\projects\ThinPlateSpline\Debug\ThinPlateSpline.exe" /INCREMENTAL /NOLOGO /LIBPATH:..\..\..\src\OpenCV\_make\lib\Release /LIBPATH:..\..\..\src\OpenCV\_make\lib\Debug cv200d.lib cxcore200d.lib highgui200d.lib kernel32.lib user32.lib gdi32.lib winspool.lib comdlg32.lib advapi32.lib shell32.lib ole32.lib oleaut32.lib uuid.lib odbc32.lib odbccp32.lib /MANIFEST /ManifestFile:"Debug\ThinPlateSpline.exe.intermediate.manifest" /MANIFESTUAC:"level='asInvoker' uiAccess='false'" /DEBUG /PDB:"C:\Users\Matthias Schmieder\Development\projects\ThinPlateSpline\Debug\ThinPlateSpline.pdb" /SUBSYSTEM:CONSOLE /TLBID:1 /DYNAMICBASE /NXCOMPAT /IMPLIB:"C:\Users\Matthias Schmieder\Development\projects\ThinPlateSpline\Debug\ThinPlateSpline.lib" /MACHINE:X86 Debug\CThinPlateSpline.obj
         Debug\stdafx.obj
         Debug\ThinPlateSpline.obj
         Debug\ThinPlateSpline.exe.embed.manifest.res
         ThinPlateSpline.vcxproj -> C:\Users\Matthias Schmieder\Development\projects\ThinPlateSpline\Debug\ThinPlateSpline.exe
       _AfterBuild:
         Die Datei "Debug\ThinPlateSpline.unsuccessfulbuild" wird gelöscht.
         Aktualisieren des Timestamps von "Debug\ThinPlateSpline.lastbuildstate".
     1>Die Erstellung des Projekts "C:\Users\Matthias Schmieder\Development\projects\ThinPlateSpline\ThinPlateSpline\ThinPlateSpline.vcxproj" ist abgeschlossen, build Ziel(e).

Das Erstellen war erfolgreich.

Verstrichene Zeit 00:00:04.91
